<?xml version="1.0" encoding="UTF-8"?>
<!-- Generated by org.testng.reporters.JUnitReportReporter -->
<testsuite hostname="NANL-EMIN" name="com.evan.learning.HelloWorld.AppTest" tests="1" failures="0" timestamp="13 Feb 2018 08:52:58 GMT" time="0.015" errors="0">
  <testcase name="testApp" time="0.015" classname="com.evan.learning.HelloWorld.AppTest"/>
</testsuite> <!-- com.evan.learning.HelloWorld.AppTest -->
