<?xml version="1.0" encoding="UTF-8" ?>
<testsuite errors="0" failures="0" hostname="NANL-EMIN" name="com.evan.learning.HelloWorld.CalcTest" skipped="0" tests="3" time="0.048" timestamp="2018-02-02T05:46:59">
  <properties>
    <property name="java.vendor" value="Oracle Corporation" />
    <property name="env.USERDOMAIN_ROAMINGPROFILE" value="CALIX" />
    <property name="sun.java.launcher" value="SUN_STANDARD" />
    <property name="sun.management.compiler" value="HotSpot 64-Bit Tiered Compilers" />
    <property name="env.PROMPT" value="$P$G" />
    <property name="os.name" value="Windows 10" />
    <property name="sun.boot.class.path" value="C:\Java\jdk\jre\lib\resources.jar;C:\Java\jdk\jre\lib\rt.jar;C:\Java\jdk\jre\lib\sunrsasign.jar;C:\Java\jdk\jre\lib\jsse.jar;C:\Java\jdk\jre\lib\jce.jar;C:\Java\jdk\jre\lib\charsets.jar;C:\Java\jdk\jre\lib\jfr.jar;C:\Java\jdk\jre\classes" />
    <property name="env.COMPUTERNAME" value="NANL-EMIN" />
    <property name="env.CommonProgramW6432" value="C:\Program Files\Common Files" />
    <property name="env.ALLUSERSPROFILE" value="C:\ProgramData" />
    <property name="sun.desktop" value="windows" />
    <property name="java.vm.specification.vendor" value="Oracle Corporation" />
    <property name="ant.home" value="C:\Users\emin\.p2\pool\plugins\org.apache.ant_1.10.1.v20170504-0840" />
    <property name="java.runtime.version" value="1.8.0_151-b12" />
    <property name="env.HOMEPATH" value="\Users\emin" />
    <property name="user.name" value="emin" />
    <property name="ant.file.type.HelloWorld" value="file" />
    <property name="user.language" value="en" />
    <property name="ant.file.HelloWorld" value="C:\MyGitReposDemo\HelloWorld\HelloWorld\build.xml" />
    <property name="sun.boot.library.path" value="C:\Java\jdk\jre\bin" />
    <property name="ant.project.default-target" value="build" />
    <property name="ant.project.name" value="HelloWorld" />
    <property name="java.version" value="1.8.0_151" />
    <property name="env.PROCESSOR_IDENTIFIER" value="Intel64 Family 6 Model 142 Stepping 9, GenuineIntel" />
    <property name="user.timezone" value="" />
    <property name="env.TEMP" value="C:\Users\emin\AppData\Local\Temp" />
    <property name="sun.arch.data.model" value="64" />
    <property name="java.endorsed.dirs" value="C:\Java\jdk\jre\lib\endorsed" />
    <property name="sun.cpu.isalist" value="amd64" />
    <property name="env.HOMEDRIVE" value="C:" />
    <property name="sun.jnu.encoding" value="Cp1252" />
    <property name="file.encoding.pkg" value="sun.io" />
    <property name="file.separator" value="\" />
    <property name="java.specification.name" value="Java Platform API Specification" />
    <property name="env.BETTER_EXCEPTIONS" value="1" />
    <property name="java.class.version" value="52.0" />
    <property name="user.country" value="US" />
    <property name="java.home" value="C:\Java\jdk\jre" />
    <property name="env.PSModulePath" value="C:\WINDOWS\system32\WindowsPowerShell\v1.0\Modules\" />
    <property name="env.APPDATA" value="C:\Users\emin\AppData\Roaming" />
    <property name="env.PUBLIC" value="C:\Users\Public" />
    <property name="java.vm.info" value="mixed mode" />
    <property name="env.ComSpec" value="C:\WINDOWS\system32\cmd.exe" />
    <property name="env.OS" value="Windows_NT" />
    <property name="env.CommonProgramFiles" value="C:\Program Files\Common Files" />
    <property name="ant.file" value="C:\MyGitReposDemo\HelloWorld\HelloWorld\build.xml" />
    <property name="os.version" value="10.0" />
    <property name="env.ProgramW6432" value="C:\Program Files" />
    <property name="path.separator" value=";" />
    <property name="java.vm.version" value="25.151-b12" />
    <property name="user.variant" value="" />
    <property name="env.USERPROFILE" value="C:\Users\emin" />
    <property name="ant.library.dir" value="C:\Users\emin\.p2\pool\plugins\org.apache.ant_1.10.1.v20170504-0840\lib" />
    <property name="junit.output.dir" value="junit" />
    <property name="env.JAVA_HOME" value="C:\Java\jdk" />
    <property name="java.awt.printerjob" value="sun.awt.windows.WPrinterJob" />
    <property name="env.TMP" value="C:\Users\emin\AppData\Local\Temp" />
    <property name="env.FPS_BROWSER_USER_PROFILE_STRING" value="Default" />
    <property name="sun.io.unicode.encoding" value="UnicodeLittle" />
    <property name="awt.toolkit" value="sun.awt.windows.WToolkit" />
    <property name="user.script" value="" />
    <property name="user.home" value="C:\Users\emin" />
    <property name="target" value="1.5" />
    <property name="env.ProgramData" value="C:\ProgramData" />
    <property name="env.SESSIONNAME" value="Console" />
    <property name="env.ProgramFiles(x86)" value="C:\Program Files (x86)" />
    <property name="java.specification.vendor" value="Oracle Corporation" />
    <property name="env.CLASSPATH" value=".;C:\Java\jdk\lib\dt.jar;C:\Java\jdk\lib\tools.jar;" />
    <property name="env.NUMBER_OF_PROCESSORS" value="4" />
    <property name="java.library.path" value="C:\Java\jdk\jre\bin;C:\WINDOWS\Sun\Java\bin;C:\WINDOWS\system32;C:\WINDOWS;C:/Java/jdk/bin/../jre/bin/server;C:/Java/jdk/bin/../jre/bin;C:/Java/jdk/bin/../jre/lib/amd64;C:\Java\jdk\bin;C:\apache-ant-1.9.9\bin;C:\apache-maven-3.5.2\bin;C:\ProgramData\Oracle\Java\javapath;C:\Program Files (x86)\Intel\iCLS Client\;C:\Program Files\Intel\iCLS Client\;C:\WINDOWS\system32;C:\WINDOWS;C:\WINDOWS\System32\Wbem;C:\WINDOWS\System32\WindowsPowerShell\v1.0\;C:\Program Files (x86)\Shoreline Communications\ShoreWare Client\;C:\Program Files (x86)\Shoreline Communications\ShoreWare Client\win64;C:\Program Files\Intel\WiFi\bin\;C:\Program Files\Common Files\Intel\WirelessCommon\;C:\Program Files (x86)\Intel\Intel(R) Management Engine Components\DAL;C:\Program Files\Intel\Intel(R) Management Engine Components\DAL;C:\Program Files (x86)\Intel\Intel(R) Management Engine Components\IPT;C:\Program Files\Intel\Intel(R) Management Engine Components\IPT;C:\Python27;C:\Python27\Scripts;C:\Program Files\PuTTY\;C:\Program Files\Git\cmd;C:\Program Files (x86)\PICT\;C:\Vert.x3.4.2full\vertx\bin;C:\Program Files\nodejs\;C:\ProgramData\chocolatey\bin;C:\Program Files\MySQL\MySQL Utilities 1.6\;C:\ProgramData\Anaconda2\Scripts\;C:\ProgramData\Anaconda2\;C:\Tcl\bin;C:\Users\emin\AppData\Local\Microsoft\WindowsApps;;C:\Java\jdk\bin;C:\apache-ant-1.9.9\bin;C:\apache-maven-3.5.2\bin;C:\ProgramData\Oracle\Java\javapath;C:\Program Files (x86)\Intel\iCLS Client\;C:\Program Files\Intel\iCLS Client\;C:\WINDOWS\system32;C:\WINDOWS;C:\WINDOWS\System32\Wbem;C:\WINDOWS\System32\WindowsPowerShell\v1.0\;C:\Program Files (x86)\Shoreline Communications\ShoreWare Client\;C:\Program Files (x86)\Shoreline Communications\ShoreWare Client\win64;C:\Program Files\Intel\WiFi\bin\;C:\Program Files\Common Files\Intel\WirelessCommon\;C:\Program Files (x86)\Intel\Intel(R) Management Engine Components\DAL;C:\Program Files\Intel\Intel(R) Management Engine Components\DAL;C:\Program Files (x86)\Intel\Intel(R) Management Engine Components\IPT;C:\Program Files\Intel\Intel(R) Management Engine Components\IPT;C:\Python27;C:\Python27\Scripts;C:\Program Files\PuTTY\;C:\Program Files\Git\cmd;C:\Program Files (x86)\PICT\;C:\Vert.x3.4.2full\vertx\bin;C:\Program Files\nodejs\;C:\ProgramData\chocolatey\bin;C:\Program Files\MySQL\MySQL Utilities 1.6\;C:\ProgramData\Anaconda2\Scripts\;C:\ProgramData\Anaconda2\;;C:\Users\emin\AppData\Roaming\npm;C:\Users\emin\eclipse\java-oxygen\eclipse;;." />
    <property name="java.vendor.url" value="http://java.oracle.com/" />
    <property name="env.USERDNSDOMAIN" value="CALIX.LOCAL" />
    <property name="java.vm.vendor" value="Oracle Corporation" />
    <property name="env.ChocolateyLastPathUpdate" value="Tue Jan  2 16:54:56 2018" />
    <property name="java.runtime.name" value="Java(TM) SE Runtime Environment" />
    <property name="ant.version" value="Apache Ant(TM) version 1.10.1 compiled on February 2 2017" />
    <property name="sun.java.command" value="org.apache.tools.ant.taskdefs.optional.junit.JUnitTestRunner com.evan.learning.HelloWorld.CalcTest skipNonTests=false filtertrace=true haltOnError=false haltOnFailure=false formatter=org.apache.tools.ant.taskdefs.optional.junit.OutErrSummaryJUnitResultFormatter showoutput=false outputtoformatters=true logfailedtests=true threadid=0 logtestlistenerevents=false formatter=org.apache.tools.ant.taskdefs.optional.junit.XMLJUnitResultFormatter,C:\MyGitReposDemo\HelloWorld\HelloWorld\junit\TEST-com.evan.learning.HelloWorld.CalcTest.xml crashfile=C:\MyGitReposDemo\HelloWorld\HelloWorld\junitvmwatcher8208199215191906164.properties propsfile=C:\MyGitReposDemo\HelloWorld\HelloWorld\junit1561865723149675835.properties" />
    <property name="java.class.path" value="C:\MyGitReposDemo\HelloWorld\HelloWorld\target\classes;C:\MyGitReposDemo\HelloWorld\HelloWorld\target\test-classes;C:\Users\emin\.m2\repository\junit\junit\4.11\junit-4.11.jar;C:\Users\emin\.m2\repository\org\hamcrest\hamcrest-core\1.3\hamcrest-core-1.3.jar;C:\Users\emin\.p2\pool\plugins\org.junit_4.12.0.v201504281640\junit.jar;C:\Users\emin\.p2\pool\plugins\org.hamcrest.core_1.3.0.v201303031735.jar;C:\MyGitReposDemo\HelloWorld\HelloWorld;C:\Java\jdk\lib\dt.jar;C:\Java\jdk\lib\tools.jar;C:\Users\emin\.p2\pool\plugins\org.apache.ant_1.10.1.v20170504-0840\lib\ant-launcher.jar;C:\Users\emin\.p2\pool\plugins\org.apache.ant_1.10.1.v20170504-0840\lib\ant.jar;C:\Users\emin\.p2\pool\plugins\org.apache.ant_1.10.1.v20170504-0840\lib\ant-junit.jar;C:\Users\emin\.p2\pool\plugins\org.apache.ant_1.10.1.v20170504-0840\lib\ant-junit4.jar" />
    <property name="java.vm.specification.name" value="Java Virtual Machine Specification" />
    <property name="env.windir" value="C:\WINDOWS" />
    <property name="env.LOGONSERVER" value="\\NANWDC13" />
    <property name="java.vm.specification.version" value="1.8" />
    <property name="env.PROCESSOR_ARCHITECTURE" value="AMD64" />
    <property name="sun.os.patch.level" value="" />
    <property name="sun.cpu.endian" value="little" />
    <property name="debuglevel" value="source,lines,vars" />
    <property name="env.OneDrive" value="C:\Users\emin\OneDrive" />
    <property name="env.ANT_HOME" value="C:\Users\emin\.p2\pool\plugins\org.apache.ant_1.10.1.v20170504-0840" />
    <property name="env.ProgramFiles" value="C:\Program Files" />
    <property name="java.io.tmpdir" value="C:\Users\emin\AppData\Local\Temp\" />
    <property name="env.PROCESSOR_REVISION" value="8e09" />
    <property name="env.CommonProgramFiles(x86)" value="C:\Program Files (x86)\Common Files" />
    <property name="java.vendor.url.bug" value="http://bugreport.sun.com/bugreport/" />
    <property name="env.SystemRoot" value="C:\WINDOWS" />
    <property name="env.FPS_BROWSER_APP_PROFILE_STRING" value="Internet Explorer" />
    <property name="env.ChocolateyInstall" value="C:\ProgramData\chocolatey" />
    <property name="java.awt.graphicsenv" value="sun.awt.Win32GraphicsEnvironment" />
    <property name="os.arch" value="amd64" />
    <property name="java.ext.dirs" value="C:\Java\jdk\jre\lib\ext;C:\WINDOWS\Sun\Java\lib\ext" />
    <property name="env.LOCALAPPDATA" value="C:\Users\emin\AppData\Local" />
    <property name="user.dir" value="C:\MyGitReposDemo\HelloWorld\HelloWorld" />
    <property name="line.separator" value="&#xd;&#xa;" />
    <property name="java.vm.name" value="Java HotSpot(TM) 64-Bit Server VM" />
    <property name="env.PATHEXT" value=".COM;.EXE;.BAT;.CMD;.VBS;.VBE;.JS;.JSE;.WSF;.WSH;.MSC" />
    <property name="env.Path" value="C:/Java/jdk/bin/../jre/bin/server;C:/Java/jdk/bin/../jre/bin;C:/Java/jdk/bin/../jre/lib/amd64;C:\Java\jdk\bin;C:\apache-ant-1.9.9\bin;C:\apache-maven-3.5.2\bin;C:\ProgramData\Oracle\Java\javapath;C:\Program Files (x86)\Intel\iCLS Client\;C:\Program Files\Intel\iCLS Client\;C:\WINDOWS\system32;C:\WINDOWS;C:\WINDOWS\System32\Wbem;C:\WINDOWS\System32\WindowsPowerShell\v1.0\;C:\Program Files (x86)\Shoreline Communications\ShoreWare Client\;C:\Program Files (x86)\Shoreline Communications\ShoreWare Client\win64;C:\Program Files\Intel\WiFi\bin\;C:\Program Files\Common Files\Intel\WirelessCommon\;C:\Program Files (x86)\Intel\Intel(R) Management Engine Components\DAL;C:\Program Files\Intel\Intel(R) Management Engine Components\DAL;C:\Program Files (x86)\Intel\Intel(R) Management Engine Components\IPT;C:\Program Files\Intel\Intel(R) Management Engine Components\IPT;C:\Python27;C:\Python27\Scripts;C:\Program Files\PuTTY\;C:\Program Files\Git\cmd;C:\Program Files (x86)\PICT\;C:\Vert.x3.4.2full\vertx\bin;C:\Program Files\nodejs\;C:\ProgramData\chocolatey\bin;C:\Program Files\MySQL\MySQL Utilities 1.6\;C:\ProgramData\Anaconda2\Scripts\;C:\ProgramData\Anaconda2\;C:\Tcl\bin;C:\Users\emin\AppData\Local\Microsoft\WindowsApps;;C:\Java\jdk\bin;C:\apache-ant-1.9.9\bin;C:\apache-maven-3.5.2\bin;C:\ProgramData\Oracle\Java\javapath;C:\Program Files (x86)\Intel\iCLS Client\;C:\Program Files\Intel\iCLS Client\;C:\WINDOWS\system32;C:\WINDOWS;C:\WINDOWS\System32\Wbem;C:\WINDOWS\System32\WindowsPowerShell\v1.0\;C:\Program Files (x86)\Shoreline Communications\ShoreWare Client\;C:\Program Files (x86)\Shoreline Communications\ShoreWare Client\win64;C:\Program Files\Intel\WiFi\bin\;C:\Program Files\Common Files\Intel\WirelessCommon\;C:\Program Files (x86)\Intel\Intel(R) Management Engine Components\DAL;C:\Program Files\Intel\Intel(R) Management Engine Components\DAL;C:\Program Files (x86)\Intel\Intel(R) Management Engine Components\IPT;C:\Program Files\Intel\Intel(R) Management Engine Components\IPT;C:\Python27;C:\Python27\Scripts;C:\Program Files\PuTTY\;C:\Program Files\Git\cmd;C:\Program Files (x86)\PICT\;C:\Vert.x3.4.2full\vertx\bin;C:\Program Files\nodejs\;C:\ProgramData\chocolatey\bin;C:\Program Files\MySQL\MySQL Utilities 1.6\;C:\ProgramData\Anaconda2\Scripts\;C:\ProgramData\Anaconda2\;;C:\Users\emin\AppData\Roaming\npm;C:\Users\emin\eclipse\java-oxygen\eclipse;" />
    <property name="basedir" value="C:\MyGitReposDemo\HelloWorld\HelloWorld" />
    <property name="ant.java.version" value="1.8" />
    <property name="ant.core.lib" value="C:\Users\emin\.p2\pool\plugins\org.apache.ant_1.10.1.v20170504-0840\lib\ant.jar" />
    <property name="env.USERNAME" value="emin" />
    <property name="source" value="1.5" />
    <property name="env.SystemDrive" value="C:" />
    <property name="file.encoding" value="Cp1252" />
    <property name="env.USERDOMAIN" value="CALIX" />
    <property name="java.specification.version" value="1.8" />
    <property name="ant.project.invoked-targets" value="build,AppTest,App (1),HelloWorld (1),CalcTest,junitreport" />
    <property name="env.PROCESSOR_LEVEL" value="6" />
  </properties>
  <testcase classname="com.evan.learning.HelloWorld.CalcTest" name="subTest" time="0.001" />
  <testcase classname="com.evan.learning.HelloWorld.CalcTest" name="addTest" time="0.0" />
  <testcase classname="com.evan.learning.HelloWorld.CalcTest" name="mulTest" time="0.0" />
  <system-out><![CDATA[junit subTest start
junit subTest over
junit addTest start
junit addTest over
junit mulTest start
junit mulTest over
]]></system-out>
  <system-err><![CDATA[]]></system-err>
</testsuite>
