<?xml version="1.0" encoding="UTF-8"?>
<!-- Generated by org.testng.reporters.JUnitReportReporter -->
<testsuite hostname="NANL-EMIN" name="com.evan.learning.HelloWorld.CalcNgTest" tests="3" failures="0" timestamp="13 Feb 2018 09:08:48 GMT" time="0.000" errors="0">
  <testcase name="addngTest" time="0.000" classname="com.evan.learning.HelloWorld.CalcNgTest"/>
  <testcase name="mulngtest" time="0.000" classname="com.evan.learning.HelloWorld.CalcNgTest"/>
  <testcase name="subng" time="0.000" classname="com.evan.learning.HelloWorld.CalcNgTest"/>
</testsuite> <!-- com.evan.learning.HelloWorld.CalcNgTest -->
